2011-11-12 13:22:02 Debug: Notice (8): Undefined index:  ssn_no in [C:\xampp\htdocs\vdc\app\controllers\citizens_controller.php, line 647]
2011-11-12 13:22:02 Debug: Notice (8): Undefined index:  first_name in [C:\xampp\htdocs\vdc\app\controllers\citizens_controller.php, line 647]
2011-11-12 13:22:02 Debug: Notice (8): Undefined index:  last_name in [C:\xampp\htdocs\vdc\app\controllers\citizens_controller.php, line 647]
2011-11-12 13:22:02 Debug: Notice (8): Undefined index:  citizenship_no in [C:\xampp\htdocs\vdc\app\controllers\citizens_controller.php, line 647]
2011-11-12 13:22:03 Debug: Notice (8): Undefined index:  ssn_no in [C:\xampp\htdocs\vdc\app\controllers\citizens_controller.php, line 647]
2011-11-12 13:22:03 Debug: Notice (8): Undefined index:  first_name in [C:\xampp\htdocs\vdc\app\controllers\citizens_controller.php, line 647]
2011-11-12 13:22:03 Debug: Notice (8): Undefined index:  last_name in [C:\xampp\htdocs\vdc\app\controllers\citizens_controller.php, line 647]
2011-11-12 13:22:03 Debug: Notice (8): Undefined index:  citizenship_no in [C:\xampp\htdocs\vdc\app\controllers\citizens_controller.php, line 647]
2011-11-12 13:22:34 Debug: Notice (8): Undefined index:  ssn_no in [C:\xampp\htdocs\vdc\app\controllers\citizens_controller.php, line 649]
2011-11-12 13:22:34 Debug: Notice (8): Undefined index:  first_name in [C:\xampp\htdocs\vdc\app\controllers\citizens_controller.php, line 649]
2011-11-12 13:22:34 Debug: Notice (8): Undefined index:  last_name in [C:\xampp\htdocs\vdc\app\controllers\citizens_controller.php, line 649]
2011-11-12 13:22:34 Debug: Notice (8): Undefined index:  citizenship_no in [C:\xampp\htdocs\vdc\app\controllers\citizens_controller.php, line 649]
2011-11-12 13:44:37 Debug: Notice (8): Undefined variable: defaults in [C:\xampp\htdocs\vdc\app\views\day_books\add.ctp, line 29]
2011-11-12 13:44:37 Debug: Notice (8): Undefined variable: pathPre in [C:\xampp\htdocs\vdc\app\views\day_books\add.ctp, line 31]
2011-11-12 13:44:37 Debug: Notice (8): Undefined variable: i in [C:\xampp\htdocs\vdc\app\views\day_books\add.ctp, line 31]
2011-11-12 13:44:37 Debug: Notice (8): Undefined variable: defaults in [C:\xampp\htdocs\vdc\app\views\day_books\add.ctp, line 32]
2011-11-12 13:48:59 Debug: Notice (8): Undefined variable: defaults in [C:\xampp\htdocs\vdc\app\views\day_books\add.ctp, line 29]
2011-11-12 13:48:59 Debug: Notice (8): Undefined variable: pathPre in [C:\xampp\htdocs\vdc\app\views\day_books\add.ctp, line 31]
2011-11-12 13:48:59 Debug: Notice (8): Undefined variable: i in [C:\xampp\htdocs\vdc\app\views\day_books\add.ctp, line 31]
2011-11-12 13:48:59 Debug: Notice (8): Undefined variable: defaults in [C:\xampp\htdocs\vdc\app\views\day_books\add.ctp, line 32]
2011-11-12 13:51:56 Debug: Notice (8): Undefined variable: pathPre in [C:\xampp\htdocs\vdc\app\views\day_books\add.ctp, line 41]
2011-11-12 13:51:56 Debug: Notice (8): Undefined variable: i in [C:\xampp\htdocs\vdc\app\views\day_books\add.ctp, line 41]
2011-11-12 13:51:56 Debug: Notice (8): Undefined variable: defaults in [C:\xampp\htdocs\vdc\app\views\day_books\add.ctp, line 42]
2011-11-12 14:17:12 Debug: Notice (8): Undefined offset:  0 in [C:\xampp\htdocs\vdc\app\controllers\citizens_controller.php, line 652]
2011-11-12 14:18:32 Debug: Notice (8): Undefined offset:  0 in [C:\xampp\htdocs\vdc\app\controllers\citizens_controller.php, line 652]
2011-11-12 17:35:29 Debug: Notice (8): Undefined offset:  0 in [C:\xampp\htdocs\vdc\app\controllers\citizens_controller.php, line 652]
2011-11-13 08:02:33 Debug: Notice (8): Undefined property: DayBooksController::$Citizen in [C:\xampp\htdocs\vdc\app\controllers\day_books_controller.php, line 59]
2011-11-13 08:03:19 Debug: Notice (8): Undefined variable: citizenshipNo in [C:\xampp\htdocs\vdc\app\controllers\day_books_controller.php, line 60]
2011-11-13 08:09:12 Debug: Notice (8): Undefined index:  voucher_type_id in [C:\xampp\htdocs\vdc\app\controllers\vouchers_controller.php, line 405]
2011-11-15 17:27:18 Debug: Notice (8): Undefined variable: localGovtType in [C:\xampp\htdocs\vdc\app\controllers\app_controller.php, line 10]
2011-11-15 17:27:51 Debug: Notice (8): Undefined variable: localGovtType in [C:\xampp\htdocs\vdc\app\controllers\app_controller.php, line 10]
2011-11-15 17:28:22 Debug: Notice (8): Undefined variable: localGovtType in [C:\xampp\htdocs\vdc\app\controllers\app_controller.php, line 10]
2011-11-15 18:03:34 Debug: Notice (8): Undefined variable: localGovtType in [C:\xampp\htdocs\vdc\app\controllers\app_controller.php, line 12]
2011-11-15 18:03:34 Debug: Notice (8): Use of undefined constant TEST - assumed 'TEST' in [C:\xampp\htdocs\vdc\app\controllers\app_controller.php, line 13]
2011-11-15 18:50:21 Debug: Notice (8): Undefined variable: localGovtType in [C:\xampp\htdocs\vdc\app\controllers\app_controller.php, line 11]
2011-11-15 18:50:21 Debug: Notice (8): Use of undefined constant TEST - assumed 'TEST' in [C:\xampp\htdocs\vdc\app\controllers\app_controller.php, line 12]
2011-11-15 18:51:45 Debug: Notice (8): Array to string conversion in [C:\xampp\htdocs\vdc\cake\libs\inflector.php, line 514]
2011-11-15 18:51:45 Debug: Notice (8): Array to string conversion in [C:\xampp\htdocs\vdc\cake\libs\inflector.php, line 533]
2011-11-15 18:51:45 Debug: Notice (8): Array to string conversion in [C:\xampp\htdocs\vdc\cake\libs\inflector.php, line 514]
2011-11-15 18:51:46 Debug: Notice (8): Array to string conversion in [C:\xampp\htdocs\vdc\cake\libs\inflector.php, line 533]
2011-11-16 10:40:28 Debug: Notice (8): Undefined variable: localGovtType in [C:\xampp\htdocs\vdc\app\controllers\app_controller.php, line 11]
2011-11-16 10:40:28 Debug: Notice (8): Use of undefined constant TEST - assumed 'TEST' in [C:\xampp\htdocs\vdc\app\controllers\app_controller.php, line 12]
2011-11-16 10:49:48 Debug: Notice (8): Undefined variable: localGovtType in [C:\xampp\htdocs\vdc\app\controllers\app_controller.php, line 11]
2011-11-16 10:49:48 Debug: Notice (8): Use of undefined constant TEST - assumed 'TEST' in [C:\xampp\htdocs\vdc\app\controllers\app_controller.php, line 12]
2011-11-16 10:55:18 Debug: Notice (8): Undefined variable: localGovtType in [C:\xampp\htdocs\vdc\app\controllers\app_controller.php, line 11]
2011-11-16 10:55:18 Debug: Notice (8): Use of undefined constant TEST - assumed 'TEST' in [C:\xampp\htdocs\vdc\app\controllers\app_controller.php, line 12]
2011-11-16 10:59:27 Debug: Notice (8): Undefined variable: localGovtType in [C:\xampp\htdocs\vdc\app\controllers\app_controller.php, line 11]
2011-11-16 10:59:27 Debug: Notice (8): Use of undefined constant TEST - assumed 'TEST' in [C:\xampp\htdocs\vdc\app\controllers\app_controller.php, line 12]
2011-11-16 11:00:32 Debug: Notice (8): Undefined variable: localGovtType in [C:\xampp\htdocs\vdc\app\controllers\app_controller.php, line 11]
2011-11-16 11:00:32 Debug: Notice (8): Use of undefined constant TEST - assumed 'TEST' in [C:\xampp\htdocs\vdc\app\controllers\app_controller.php, line 12]
2011-11-16 11:02:18 Debug: Notice (8): Undefined variable: localGovtType in [C:\xampp\htdocs\vdc\app\controllers\app_controller.php, line 11]
2011-11-16 11:02:18 Debug: Notice (8): Use of undefined constant TEST - assumed 'TEST' in [C:\xampp\htdocs\vdc\app\controllers\app_controller.php, line 12]
2011-11-16 12:23:49 Notice: Notice (8): Use of undefined constant GOVT_TYPE - assumed 'GOVT_TYPE' in [/Applications/XAMPP/xamppfiles/htdocs/vdc_new/app/controllers/accounts_controller.php, line 10]
2011-11-16 12:25:05 Notice: Notice (8): Use of undefined constant GOVT_TYPE - assumed 'GOVT_TYPE' in [/Applications/XAMPP/xamppfiles/htdocs/vdc_new/app/controllers/accounts_controller.php, line 10]
2011-11-16 12:27:35 Notice: Notice (8): Use of undefined constant GOVT_TYPE - assumed 'GOVT_TYPE' in [/Applications/XAMPP/xamppfiles/htdocs/vdc_new/app/controllers/accounts_controller.php, line 10]
2011-11-16 12:27:36 Notice: Notice (8): Use of undefined constant GOVT_TYPE - assumed 'GOVT_TYPE' in [/Applications/XAMPP/xamppfiles/htdocs/vdc_new/app/controllers/accounts_controller.php, line 10]
2011-11-16 12:27:46 Notice: Notice (8): Use of undefined constant GOVT_TYPE - assumed 'GOVT_TYPE' in [/Applications/XAMPP/xamppfiles/htdocs/vdc_new/app/controllers/accounts_controller.php, line 10]
2011-11-16 12:27:58 Notice: Notice (8): Use of undefined constant GOVT_TYPE - assumed 'GOVT_TYPE' in [/Applications/XAMPP/xamppfiles/htdocs/vdc_new/app/controllers/accounts_controller.php, line 10]
2011-11-16 12:32:03 Notice: Notice (8): Use of undefined constant GOVT_TYPE - assumed 'GOVT_TYPE' in [/Applications/XAMPP/xamppfiles/htdocs/vdc_new/app/controllers/accounts_controller.php, line 10]
2011-11-16 16:01:29 Debug: Notice (8): Use of undefined constant GOVT_TYPE - assumed 'GOVT_TYPE' in [C:\xampp\htdocs\vdc\app\controllers\accounts_controller.php, line 10]
2011-11-17 01:26:03 Debug: Notice (8): Undefined property: DatePickersController::$Account in [C:\xampp\htdocs\vdc\app\controllers\app_controller.php, line 18]
2011-11-17 14:59:34 Debug: Notice (8): Undefined property: PagesController::$Account in [C:\xampp\htdocs\vdc\app\controllers\app_controller.php, line 18]
2011-11-17 15:31:09 Debug: Notice (8): Undefined property: PagesController::$Account in [C:\xampp\htdocs\vdc\app\controllers\app_controller.php, line 18]
2011-11-17 15:31:19 Debug: Notice (8): Undefined property: UserController::$Account in [C:\xampp\htdocs\vdc\app\controllers\app_controller.php, line 18]
2011-11-25 04:35:48 Debug: Notice (8): Undefined index:  Tdwork in [C:\xampp\htdocs\vdc\app\views\districts\index.ctp, line 137]
2011-11-25 04:35:48 Debug: Notice (8): Undefined variable: resultDataArray in [C:\xampp\htdocs\vdc\app\views\districts\index.ctp, line 167]
2011-11-25 04:35:48 Debug: Notice (8): Undefined variable: historyArray in [C:\xampp\htdocs\vdc\app\views\districts\index.ctp, line 212]
2011-11-25 04:35:48 Debug: Notice (8): Undefined variable: resultDataArray in [C:\xampp\htdocs\vdc\app\views\districts\index.ctp, line 249]
2011-11-25 04:35:48 Debug: Notice (8): Undefined variable: prefOptionArray in [C:\xampp\htdocs\vdc\app\views\districts\index.ctp, line 312]
2011-11-25 04:35:48 Debug: Notice (8): Undefined variable: costOptionArray in [C:\xampp\htdocs\vdc\app\views\districts\index.ctp, line 321]
2011-11-25 04:37:39 Debug: Notice (8): Undefined index:  Tdwork in [C:\xampp\htdocs\vdc\app\views\districts\index.ctp, line 137]
2011-11-25 04:37:39 Debug: Notice (8): Undefined variable: resultDataArray in [C:\xampp\htdocs\vdc\app\views\districts\index.ctp, line 167]
2011-11-25 04:37:39 Debug: Notice (8): Undefined variable: historyArray in [C:\xampp\htdocs\vdc\app\views\districts\index.ctp, line 212]
2011-11-25 04:37:39 Debug: Notice (8): Undefined variable: resultDataArray in [C:\xampp\htdocs\vdc\app\views\districts\index.ctp, line 249]
2011-11-25 04:37:39 Debug: Notice (8): Undefined variable: prefOptionArray in [C:\xampp\htdocs\vdc\app\views\districts\index.ctp, line 312]
2011-11-25 04:37:39 Debug: Notice (8): Undefined variable: costOptionArray in [C:\xampp\htdocs\vdc\app\views\districts\index.ctp, line 321]
2011-11-25 04:40:16 Debug: Notice (8): Undefined index:  Tdwork in [C:\xampp\htdocs\vdc\app\views\districts\index.ctp, line 137]
2011-11-25 04:40:16 Debug: Notice (8): Undefined variable: resultDataArray in [C:\xampp\htdocs\vdc\app\views\districts\index.ctp, line 167]
2011-11-25 04:40:16 Debug: Notice (8): Undefined variable: historyArray in [C:\xampp\htdocs\vdc\app\views\districts\index.ctp, line 212]
2011-11-25 04:40:16 Debug: Notice (8): Undefined variable: resultDataArray in [C:\xampp\htdocs\vdc\app\views\districts\index.ctp, line 250]
2011-11-25 04:40:16 Debug: Notice (8): Undefined variable: prefOptionArray in [C:\xampp\htdocs\vdc\app\views\districts\index.ctp, line 313]
2011-11-25 04:40:16 Debug: Notice (8): Undefined variable: costOptionArray in [C:\xampp\htdocs\vdc\app\views\districts\index.ctp, line 322]
2011-11-25 04:41:15 Debug: Notice (8): Undefined index:  Tdwork in [C:\xampp\htdocs\vdc\app\views\districts\index.ctp, line 119]
2011-11-25 04:41:15 Debug: Notice (8): Undefined variable: resultDataArray in [C:\xampp\htdocs\vdc\app\views\districts\index.ctp, line 149]
2011-11-25 04:41:15 Debug: Notice (8): Undefined variable: historyArray in [C:\xampp\htdocs\vdc\app\views\districts\index.ctp, line 194]
2011-11-25 04:41:15 Debug: Notice (8): Undefined variable: resultDataArray in [C:\xampp\htdocs\vdc\app\views\districts\index.ctp, line 232]
2011-11-25 04:41:15 Debug: Notice (8): Undefined variable: prefOptionArray in [C:\xampp\htdocs\vdc\app\views\districts\index.ctp, line 295]
2011-11-25 04:41:15 Debug: Notice (8): Undefined variable: costOptionArray in [C:\xampp\htdocs\vdc\app\views\districts\index.ctp, line 304]
2011-11-25 08:26:35 Debug: Notice (8): Undefined index:  Tdwork in [C:\xampp\htdocs\vdc\app\views\districts\index.ctp, line 119]
2011-11-25 08:26:35 Debug: Notice (8): Undefined variable: resultDataArray in [C:\xampp\htdocs\vdc\app\views\districts\index.ctp, line 149]
2011-11-25 08:26:35 Debug: Notice (8): Undefined variable: historyArray in [C:\xampp\htdocs\vdc\app\views\districts\index.ctp, line 194]
2011-11-25 08:26:35 Debug: Notice (8): Undefined variable: resultDataArray in [C:\xampp\htdocs\vdc\app\views\districts\index.ctp, line 232]
2011-11-25 08:26:35 Debug: Notice (8): Undefined variable: prefOptionArray in [C:\xampp\htdocs\vdc\app\views\districts\index.ctp, line 295]
2011-11-25 08:26:35 Debug: Notice (8): Undefined variable: costOptionArray in [C:\xampp\htdocs\vdc\app\views\districts\index.ctp, line 304]
2011-11-26 09:22:41 Debug: Notice (8): Undefined index:  bank_account_id in [C:\xampp\htdocs\vdc\app\views\personal_accounts\index.ctp, line 49]
2011-11-26 17:41:08 Debug: Notice (8): Undefined index:  PersonalAccounts in [C:\xampp\htdocs\vdc\app\controllers\personal_accounts_controller.php, line 28]
2011-11-26 17:41:08 Debug: Notice (8): Undefined index:   in [C:\xampp\htdocs\vdc\app\controllers\personal_accounts_controller.php, line 30]
2011-11-26 17:41:08 Debug: Notice (8): Undefined index:  PersonalAccounts in [C:\xampp\htdocs\vdc\app\controllers\personal_accounts_controller.php, line 34]
2011-11-26 17:47:26 Debug: Notice (8): Undefined index:  first_name in [C:\xampp\htdocs\vdc\app\controllers\citizens_controller.php, line 657]
2011-11-26 17:47:26 Debug: Notice (8): Undefined index:  last_name in [C:\xampp\htdocs\vdc\app\controllers\citizens_controller.php, line 657]
2011-11-26 17:47:51 Debug: Notice (8): Undefined index:  first_name in [C:\xampp\htdocs\vdc\app\controllers\citizens_controller.php, line 658]
2011-11-26 17:47:51 Debug: Notice (8): Undefined index:  last_name in [C:\xampp\htdocs\vdc\app\controllers\citizens_controller.php, line 658]
2011-11-27 04:03:41 Debug: Notice (8): Undefined variable: accounts in [C:\xampp\htdocs\vdc\app\views\accounts\add_advance_account.ctp, line 6]
2011-11-27 04:03:42 Debug: Notice (8): Undefined variable: accounts in [C:\xampp\htdocs\vdc\app\views\accounts\add_advance_account.ctp, line 7]
2011-11-27 04:03:42 Debug: Notice (8): Undefined variable: pageType in [C:\xampp\htdocs\vdc\app\views\accounts\add_advance_account.ctp, line 8]
2011-11-28 15:29:34 Debug: Notice (8): Undefined variable: personalAccounts in [C:\xampp\htdocs\vdc\app\views\accounts\add_advance_account.ctp, line 6]
2011-11-29 00:55:53 Debug: Notice (8): Undefined offset:  0 in [C:\xampp\htdocs\vdc\app\controllers\accounts_controller.php, line 360]
2011-11-29 01:08:08 Debug: Notice (8): Use of undefined constant php - assumed 'php' in [C:\xampp\htdocs\vdc\app\views\accounts\add.ctp, line 4]
2011-11-29 08:14:13 Debug: Notice (8): Undefined index:  voucher_type_id in [C:\xampp\htdocs\vdc\app\controllers\vouchers_controller.php, line 406]
2011-11-29 18:04:13 Debug: Notice (8): Use of undefined constant BUDGET_RELEASES - assumed 'BUDGET_RELEASES' in [C:\xampp\htdocs\vdc\app\controllers\accounts_controller.php, line 66]
2011-11-29 18:04:14 Debug: Notice (8): Use of undefined constant BUDGET_RELEASES - assumed 'BUDGET_RELEASES' in [C:\xampp\htdocs\vdc\app\controllers\accounts_controller.php, line 66]
2011-11-29 18:12:57 Debug: Notice (8): Undefined variable: parent in [C:\xampp\htdocs\vdc\app\controllers\accounts_controller.php, line 74]
2011-11-29 18:12:57 Debug: Notice (8): Undefined offset:  47 in [C:\xampp\htdocs\vdc\app\views\accounts\allocate_annual_budget.ctp, line 52]
2011-11-29 18:12:57 Debug: Notice (8): Undefined offset:  48 in [C:\xampp\htdocs\vdc\app\views\accounts\allocate_annual_budget.ctp, line 52]
2011-11-29 18:12:57 Debug: Notice (8): Undefined offset:  49 in [C:\xampp\htdocs\vdc\app\views\accounts\allocate_annual_budget.ctp, line 52]
2011-11-29 18:12:57 Debug: Notice (8): Undefined offset:  81 in [C:\xampp\htdocs\vdc\app\views\accounts\allocate_annual_budget.ctp, line 52]
2011-11-29 18:14:34 Debug: Notice (8): Undefined variable: parent in [C:\xampp\htdocs\vdc\app\controllers\accounts_controller.php, line 74]
2011-11-29 18:14:34 Debug: Notice (8): Undefined offset:  47 in [C:\xampp\htdocs\vdc\app\views\accounts\allocate_annual_budget.ctp, line 52]
2011-11-29 18:14:34 Debug: Notice (8): Undefined offset:  48 in [C:\xampp\htdocs\vdc\app\views\accounts\allocate_annual_budget.ctp, line 52]
2011-11-29 18:14:34 Debug: Notice (8): Undefined offset:  49 in [C:\xampp\htdocs\vdc\app\views\accounts\allocate_annual_budget.ctp, line 52]
2011-11-29 18:14:34 Debug: Notice (8): Undefined offset:  81 in [C:\xampp\htdocs\vdc\app\views\accounts\allocate_annual_budget.ctp, line 52]
2011-11-30 02:03:25 Debug: Notice (8): Undefined index:  voucher_type_id in [C:\xampp\htdocs\vdc\app\controllers\vouchers_controller.php, line 409]
2011-11-30 02:05:24 Debug: Notice (8): Undefined index:  voucher_type_id in [C:\xampp\htdocs\vdc\app\controllers\vouchers_controller.php, line 409]
2011-11-30 02:09:35 Debug: Notice (8): Undefined index:  voucher_type_id in [C:\xampp\htdocs\vdc\app\controllers\vouchers_controller.php, line 409]
2011-11-30 02:14:32 Debug: Notice (8): Undefined variable: voucherName in [C:\xampp\htdocs\vdc\app\views\vouchers\add.ctp, line 15]
2011-11-30 15:44:14 Debug: Notice (8): Use of undefined constant BUDGET_RELEASES - assumed 'BUDGET_RELEASES' in [C:\xampp\htdocs\vdc\app\controllers\accounts_controller.php, line 196]
2011-11-30 15:44:14 Debug: Notice (8): Undefined offset:  2 in [C:\xampp\htdocs\vdc\app\controllers\accounts_controller.php, line 197]
2011-11-30 15:44:14 Debug: Notice (8): Use of undefined constant BUDGET_RELEASES - assumed 'BUDGET_RELEASES' in [C:\xampp\htdocs\vdc\app\controllers\accounts_controller.php, line 208]
2011-12-01 00:15:49 Debug: Notice (8): Undefined property: View::$HTML in [C:\xampp\htdocs\vdc\app\views\accounts\bank_cash_book.ctp, line 13]
2011-12-03 06:37:07 Debug: Notice (8): Undefined variable: monthNepali in [C:\xampp\htdocs\vdc\app\views\accounts\monthly_account.ctp, line 17]
2011-12-03 06:37:07 Debug: Notice (8): Undefined variable: data in [C:\xampp\htdocs\vdc\app\views\accounts\monthly_account.ctp, line 55]
2011-12-03 06:37:07 Debug: Notice (8): Undefined variable: cash_debit in [C:\xampp\htdocs\vdc\app\views\accounts\monthly_account.ctp, line 105]
2011-12-03 06:37:07 Debug: Notice (8): Undefined variable: cash_credit in [C:\xampp\htdocs\vdc\app\views\accounts\monthly_account.ctp, line 106]
2011-12-03 06:37:07 Debug: Notice (8): Undefined variable: bank_debit in [C:\xampp\htdocs\vdc\app\views\accounts\monthly_account.ctp, line 107]
2011-12-03 06:37:07 Debug: Notice (8): Undefined variable: bank_credit in [C:\xampp\htdocs\vdc\app\views\accounts\monthly_account.ctp, line 108]
2011-12-03 06:37:07 Debug: Notice (8): Undefined variable: budget_expenditure in [C:\xampp\htdocs\vdc\app\views\accounts\monthly_account.ctp, line 112]
2011-12-03 06:37:07 Debug: Notice (8): Undefined variable: misc_debit in [C:\xampp\htdocs\vdc\app\views\accounts\monthly_account.ctp, line 116]
2011-12-03 06:37:08 Debug: Notice (8): Undefined variable: misc_credit in [C:\xampp\htdocs\vdc\app\views\accounts\monthly_account.ctp, line 117]
2011-12-03 06:42:27 Debug: Notice (8): Undefined variable: monthNepali in [C:\xampp\htdocs\vdc\app\views\accounts\monthly_account.ctp, line 17]
2011-12-03 06:42:27 Debug: Notice (8): Undefined variable: data in [C:\xampp\htdocs\vdc\app\views\accounts\monthly_account.ctp, line 38]
2011-12-03 06:42:27 Debug: Notice (8): Undefined variable: cash_debit in [C:\xampp\htdocs\vdc\app\views\accounts\monthly_account.ctp, line 88]
2011-12-03 06:42:27 Debug: Notice (8): Undefined variable: cash_credit in [C:\xampp\htdocs\vdc\app\views\accounts\monthly_account.ctp, line 89]
2011-12-03 06:42:27 Debug: Notice (8): Undefined variable: bank_debit in [C:\xampp\htdocs\vdc\app\views\accounts\monthly_account.ctp, line 90]
2011-12-03 06:42:27 Debug: Notice (8): Undefined variable: bank_credit in [C:\xampp\htdocs\vdc\app\views\accounts\monthly_account.ctp, line 91]
2011-12-03 06:42:27 Debug: Notice (8): Undefined variable: budget_expenditure in [C:\xampp\htdocs\vdc\app\views\accounts\monthly_account.ctp, line 95]
2011-12-03 06:42:27 Debug: Notice (8): Undefined variable: misc_debit in [C:\xampp\htdocs\vdc\app\views\accounts\monthly_account.ctp, line 99]
2011-12-03 06:42:27 Debug: Notice (8): Undefined variable: misc_credit in [C:\xampp\htdocs\vdc\app\views\accounts\monthly_account.ctp, line 100]
2011-12-03 06:43:38 Debug: Notice (8): Undefined variable: monthNepali in [C:\xampp\htdocs\vdc\app\views\accounts\monthly_account.ctp, line 17]
2011-12-03 06:43:38 Debug: Notice (8): Undefined variable: cash_debit in [C:\xampp\htdocs\vdc\app\views\accounts\monthly_account.ctp, line 55]
2011-12-03 06:43:38 Debug: Notice (8): Undefined variable: cash_credit in [C:\xampp\htdocs\vdc\app\views\accounts\monthly_account.ctp, line 56]
2011-12-03 06:43:38 Debug: Notice (8): Undefined variable: bank_debit in [C:\xampp\htdocs\vdc\app\views\accounts\monthly_account.ctp, line 57]
2011-12-03 06:43:38 Debug: Notice (8): Undefined variable: bank_credit in [C:\xampp\htdocs\vdc\app\views\accounts\monthly_account.ctp, line 58]
2011-12-03 06:43:38 Debug: Notice (8): Undefined variable: budget_expenditure in [C:\xampp\htdocs\vdc\app\views\accounts\monthly_account.ctp, line 62]
2011-12-03 06:43:38 Debug: Notice (8): Undefined variable: misc_debit in [C:\xampp\htdocs\vdc\app\views\accounts\monthly_account.ctp, line 66]
2011-12-03 06:43:38 Debug: Notice (8): Undefined variable: misc_credit in [C:\xampp\htdocs\vdc\app\views\accounts\monthly_account.ctp, line 67]
2011-12-03 06:48:34 Debug: Notice (8): Undefined variable: monthNepali in [C:\xampp\htdocs\vdc\app\views\accounts\monthly_account.ctp, line 17]
2011-12-03 06:48:34 Debug: Notice (8): Undefined variable: cash_debit in [C:\xampp\htdocs\vdc\app\views\accounts\monthly_account.ctp, line 55]
2011-12-03 06:48:34 Debug: Notice (8): Undefined variable: cash_credit in [C:\xampp\htdocs\vdc\app\views\accounts\monthly_account.ctp, line 56]
2011-12-03 06:48:34 Debug: Notice (8): Undefined variable: bank_debit in [C:\xampp\htdocs\vdc\app\views\accounts\monthly_account.ctp, line 57]
2011-12-03 06:48:34 Debug: Notice (8): Undefined variable: bank_credit in [C:\xampp\htdocs\vdc\app\views\accounts\monthly_account.ctp, line 58]
2011-12-03 06:48:34 Debug: Notice (8): Undefined variable: budget_expenditure in [C:\xampp\htdocs\vdc\app\views\accounts\monthly_account.ctp, line 62]
2011-12-03 06:48:34 Debug: Notice (8): Undefined variable: misc_debit in [C:\xampp\htdocs\vdc\app\views\accounts\monthly_account.ctp, line 66]
2011-12-03 06:48:34 Debug: Notice (8): Undefined variable: misc_credit in [C:\xampp\htdocs\vdc\app\views\accounts\monthly_account.ctp, line 67]
2011-12-03 06:49:22 Debug: Notice (8): Undefined variable: monthNepali in [C:\xampp\htdocs\vdc\app\views\accounts\monthly_account.ctp, line 17]
2011-12-03 06:49:22 Debug: Notice (8): Undefined variable: cash_debit in [C:\xampp\htdocs\vdc\app\views\accounts\monthly_account.ctp, line 55]
2011-12-03 06:49:22 Debug: Notice (8): Undefined variable: cash_credit in [C:\xampp\htdocs\vdc\app\views\accounts\monthly_account.ctp, line 56]
2011-12-03 06:49:22 Debug: Notice (8): Undefined variable: bank_debit in [C:\xampp\htdocs\vdc\app\views\accounts\monthly_account.ctp, line 57]
2011-12-03 06:49:22 Debug: Notice (8): Undefined variable: bank_credit in [C:\xampp\htdocs\vdc\app\views\accounts\monthly_account.ctp, line 58]
2011-12-03 06:49:22 Debug: Notice (8): Undefined variable: budget_expenditure in [C:\xampp\htdocs\vdc\app\views\accounts\monthly_account.ctp, line 62]
2011-12-03 06:49:22 Debug: Notice (8): Undefined variable: misc_debit in [C:\xampp\htdocs\vdc\app\views\accounts\monthly_account.ctp, line 66]
2011-12-03 06:49:22 Debug: Notice (8): Undefined variable: misc_credit in [C:\xampp\htdocs\vdc\app\views\accounts\monthly_account.ctp, line 67]
2011-12-03 06:50:14 Debug: Notice (8): Undefined variable: monthNepali in [C:\xampp\htdocs\vdc\app\views\accounts\monthly_account.ctp, line 17]
2011-12-03 06:50:14 Debug: Notice (8): Undefined variable: cash_debit in [C:\xampp\htdocs\vdc\app\views\accounts\monthly_account.ctp, line 55]
2011-12-03 06:50:14 Debug: Notice (8): Undefined variable: cash_credit in [C:\xampp\htdocs\vdc\app\views\accounts\monthly_account.ctp, line 56]
2011-12-03 06:50:14 Debug: Notice (8): Undefined variable: bank_debit in [C:\xampp\htdocs\vdc\app\views\accounts\monthly_account.ctp, line 57]
2011-12-03 06:50:14 Debug: Notice (8): Undefined variable: bank_credit in [C:\xampp\htdocs\vdc\app\views\accounts\monthly_account.ctp, line 58]
2011-12-03 06:50:14 Debug: Notice (8): Undefined variable: budget_expenditure in [C:\xampp\htdocs\vdc\app\views\accounts\monthly_account.ctp, line 62]
2011-12-03 06:50:14 Debug: Notice (8): Undefined variable: misc_debit in [C:\xampp\htdocs\vdc\app\views\accounts\monthly_account.ctp, line 66]
2011-12-03 06:50:14 Debug: Notice (8): Undefined variable: misc_credit in [C:\xampp\htdocs\vdc\app\views\accounts\monthly_account.ctp, line 67]
2011-12-03 06:50:43 Debug: Notice (8): Undefined variable: monthNepali in [C:\xampp\htdocs\vdc\app\views\accounts\monthly_account.ctp, line 17]
2011-12-03 06:50:43 Debug: Notice (8): Undefined variable: cash_debit in [C:\xampp\htdocs\vdc\app\views\accounts\monthly_account.ctp, line 55]
2011-12-03 06:50:43 Debug: Notice (8): Undefined variable: cash_credit in [C:\xampp\htdocs\vdc\app\views\accounts\monthly_account.ctp, line 56]
2011-12-03 06:50:43 Debug: Notice (8): Undefined variable: bank_debit in [C:\xampp\htdocs\vdc\app\views\accounts\monthly_account.ctp, line 57]
2011-12-03 06:50:43 Debug: Notice (8): Undefined variable: bank_credit in [C:\xampp\htdocs\vdc\app\views\accounts\monthly_account.ctp, line 58]
2011-12-03 06:50:43 Debug: Notice (8): Undefined variable: budget_expenditure in [C:\xampp\htdocs\vdc\app\views\accounts\monthly_account.ctp, line 62]
2011-12-03 06:50:43 Debug: Notice (8): Undefined variable: misc_debit in [C:\xampp\htdocs\vdc\app\views\accounts\monthly_account.ctp, line 66]
2011-12-03 06:50:43 Debug: Notice (8): Undefined variable: misc_credit in [C:\xampp\htdocs\vdc\app\views\accounts\monthly_account.ctp, line 67]
2011-12-03 06:52:17 Debug: Notice (8): Undefined variable: cash_debit in [C:\xampp\htdocs\vdc\app\views\accounts\monthly_account.ctp, line 55]
2011-12-03 06:52:17 Debug: Notice (8): Undefined variable: cash_credit in [C:\xampp\htdocs\vdc\app\views\accounts\monthly_account.ctp, line 56]
2011-12-03 06:52:17 Debug: Notice (8): Undefined variable: bank_debit in [C:\xampp\htdocs\vdc\app\views\accounts\monthly_account.ctp, line 57]
2011-12-03 06:52:17 Debug: Notice (8): Undefined variable: bank_credit in [C:\xampp\htdocs\vdc\app\views\accounts\monthly_account.ctp, line 58]
2011-12-03 06:52:17 Debug: Notice (8): Undefined variable: budget_expenditure in [C:\xampp\htdocs\vdc\app\views\accounts\monthly_account.ctp, line 62]
2011-12-03 06:52:17 Debug: Notice (8): Undefined variable: misc_debit in [C:\xampp\htdocs\vdc\app\views\accounts\monthly_account.ctp, line 66]
2011-12-03 06:52:17 Debug: Notice (8): Undefined variable: misc_credit in [C:\xampp\htdocs\vdc\app\views\accounts\monthly_account.ctp, line 67]
2011-12-03 06:52:58 Debug: Notice (8): Undefined variable: cash_debit in [C:\xampp\htdocs\vdc\app\views\accounts\monthly_account.ctp, line 55]
2011-12-03 06:52:58 Debug: Notice (8): Undefined variable: cash_credit in [C:\xampp\htdocs\vdc\app\views\accounts\monthly_account.ctp, line 56]
2011-12-03 06:52:58 Debug: Notice (8): Undefined variable: bank_debit in [C:\xampp\htdocs\vdc\app\views\accounts\monthly_account.ctp, line 57]
2011-12-03 06:52:58 Debug: Notice (8): Undefined variable: bank_credit in [C:\xampp\htdocs\vdc\app\views\accounts\monthly_account.ctp, line 58]
2011-12-03 06:52:58 Debug: Notice (8): Undefined variable: budget_expenditure in [C:\xampp\htdocs\vdc\app\views\accounts\monthly_account.ctp, line 62]
2011-12-03 06:52:58 Debug: Notice (8): Undefined variable: misc_debit in [C:\xampp\htdocs\vdc\app\views\accounts\monthly_account.ctp, line 66]
2011-12-03 06:52:58 Debug: Notice (8): Undefined variable: misc_credit in [C:\xampp\htdocs\vdc\app\views\accounts\monthly_account.ctp, line 67]
2011-12-03 15:33:24 Debug: Notice (8): Undefined variable: monthNepali in [C:\xampp\htdocs\vdc\app\views\accounts\bank_cash_book.ctp, line 15]
2011-12-03 15:36:26 Debug: Notice (8): Undefined variable: monthNepali in [C:\xampp\htdocs\vdc\app\views\accounts\bank_cash_book.ctp, line 15]
2011-12-07 17:23:18 Debug: Notice (8): Undefined variable: accounts in [C:\xampp\htdocs\vdc\app\controllers\accounts_controller.php, line 1135]
2011-12-07 17:23:19 Debug: Notice (8): Undefined index:  release_till_current_month in [C:\xampp\htdocs\vdc\app\views\accounts\monthly_account.ctp, line 61]
2011-12-07 17:25:30 Debug: Notice (8): Undefined variable: accounts in [C:\xampp\htdocs\vdc\app\controllers\accounts_controller.php, line 1135]
2011-12-07 17:25:30 Debug: Notice (8): Undefined index:  release_till_current_month in [C:\xampp\htdocs\vdc\app\views\accounts\monthly_account.ctp, line 61]
2011-12-08 17:02:13 Debug: Notice (8): Undefined offset:  0 in [C:\xampp\htdocs\vdc\app\controllers\components\nepali_calendar.php, line 135]
2011-12-08 17:02:13 Debug: Notice (8): Undefined offset:  0 in [C:\xampp\htdocs\vdc\app\controllers\components\nepali_calendar.php, line 141]
2011-12-08 17:02:25 Debug: Notice (8): Undefined offset:  0 in [C:\xampp\htdocs\vdc\app\controllers\components\nepali_calendar.php, line 135]
2011-12-08 17:02:25 Debug: Notice (8): Undefined offset:  0 in [C:\xampp\htdocs\vdc\app\controllers\components\nepali_calendar.php, line 141]
2011-12-08 17:11:01 Debug: Notice (8): Undefined property: DayBooksController::$IncomeSource in [C:\xampp\htdocs\vdc\app\controllers\day_books_controller.php, line 13]
2011-12-09 14:23:51 Debug: Notice (8): Undefined variable: i in [C:\xampp\htdocs\vdc\app\views\day_books\add.ctp, line 54]
2011-12-09 14:23:51 Debug: Notice (8): Undefined variable: defaults in [C:\xampp\htdocs\vdc\app\views\day_books\add.ctp, line 54]
2011-12-09 14:23:51 Debug: Notice (8): Undefined variable: pathPre in [C:\xampp\htdocs\vdc\app\views\day_books\add.ctp, line 56]
2011-12-09 14:23:51 Debug: Notice (8): Undefined variable: i in [C:\xampp\htdocs\vdc\app\views\day_books\add.ctp, line 56]
2011-12-09 14:23:51 Debug: Notice (8): Undefined variable: i in [C:\xampp\htdocs\vdc\app\views\day_books\add.ctp, line 57]
2011-12-09 14:23:51 Debug: Notice (8): Undefined variable: defaults in [C:\xampp\htdocs\vdc\app\views\day_books\add.ctp, line 57]
2011-12-09 14:23:51 Debug: Notice (8): Undefined variable: i in [C:\xampp\htdocs\vdc\app\views\day_books\add.ctp, line 59]
2011-12-09 16:30:07 Debug: Notice (8): Undefined variable: i in [C:\xampp\htdocs\vdc\app\views\day_books\add.ctp, line 54]
2011-12-09 16:30:07 Debug: Notice (8): Undefined variable: defaults in [C:\xampp\htdocs\vdc\app\views\day_books\add.ctp, line 54]
2011-12-09 16:30:07 Debug: Notice (8): Undefined variable: pathPre in [C:\xampp\htdocs\vdc\app\views\day_books\add.ctp, line 56]
2011-12-09 16:30:07 Debug: Notice (8): Undefined variable: i in [C:\xampp\htdocs\vdc\app\views\day_books\add.ctp, line 56]
2011-12-09 16:30:07 Debug: Notice (8): Undefined variable: i in [C:\xampp\htdocs\vdc\app\views\day_books\add.ctp, line 57]
2011-12-09 16:30:07 Debug: Notice (8): Undefined variable: defaults in [C:\xampp\htdocs\vdc\app\views\day_books\add.ctp, line 57]
2011-12-09 16:30:07 Debug: Notice (8): Undefined variable: i in [C:\xampp\htdocs\vdc\app\views\day_books\add.ctp, line 59]
2011-12-09 17:06:37 Debug: Notice (8): Undefined variable: i in [C:\xampp\htdocs\vdc\app\views\day_books\add.ctp, line 54]
2011-12-09 17:06:37 Debug: Notice (8): Undefined variable: defaults in [C:\xampp\htdocs\vdc\app\views\day_books\add.ctp, line 54]
2011-12-09 17:06:37 Debug: Notice (8): Undefined variable: pathPre in [C:\xampp\htdocs\vdc\app\views\day_books\add.ctp, line 56]
2011-12-09 17:06:37 Debug: Notice (8): Undefined variable: i in [C:\xampp\htdocs\vdc\app\views\day_books\add.ctp, line 56]
2011-12-09 17:06:37 Debug: Notice (8): Undefined variable: i in [C:\xampp\htdocs\vdc\app\views\day_books\add.ctp, line 57]
2011-12-09 17:06:37 Debug: Notice (8): Undefined variable: defaults in [C:\xampp\htdocs\vdc\app\views\day_books\add.ctp, line 57]
2011-12-09 17:06:37 Debug: Notice (8): Undefined variable: i in [C:\xampp\htdocs\vdc\app\views\day_books\add.ctp, line 59]
2011-12-09 17:12:33 Debug: Notice (8): Undefined variable: defaults in [C:\xampp\htdocs\vdc\app\views\day_books\add.ctp, line 54]
2011-12-09 17:12:33 Debug: Notice (8): Undefined variable: pathPre in [C:\xampp\htdocs\vdc\app\views\day_books\add.ctp, line 56]
2011-12-09 17:12:33 Debug: Notice (8): Undefined variable: i in [C:\xampp\htdocs\vdc\app\views\day_books\add.ctp, line 56]
2011-12-09 17:12:33 Debug: Notice (8): Undefined variable: defaults in [C:\xampp\htdocs\vdc\app\views\day_books\add.ctp, line 57]
2011-12-09 17:12:33 Debug: Notice (8): Undefined variable: i in [C:\xampp\htdocs\vdc\app\views\day_books\add.ctp, line 59]
2011-12-09 17:12:57 Debug: Notice (8): Undefined variable: defaults in [C:\xampp\htdocs\vdc\app\views\day_books\add.ctp, line 54]
2011-12-09 17:12:57 Debug: Notice (8): Undefined variable: i in [C:\xampp\htdocs\vdc\app\views\day_books\add.ctp, line 56]
2011-12-09 17:12:57 Debug: Notice (8): Undefined variable: defaults in [C:\xampp\htdocs\vdc\app\views\day_books\add.ctp, line 57]
2011-12-09 17:12:57 Debug: Notice (8): Undefined variable: i in [C:\xampp\htdocs\vdc\app\views\day_books\add.ctp, line 59]
2011-12-09 17:13:26 Debug: Notice (8): Undefined variable: defaults in [C:\xampp\htdocs\vdc\app\views\day_books\add.ctp, line 54]
2011-12-09 17:13:26 Debug: Notice (8): Undefined variable: defaults in [C:\xampp\htdocs\vdc\app\views\day_books\add.ctp, line 57]
2011-12-09 17:13:26 Debug: Notice (8): Undefined variable: i in [C:\xampp\htdocs\vdc\app\views\day_books\add.ctp, line 59]
2011-12-09 17:14:16 Debug: Notice (8): Undefined variable: defaults in [C:\xampp\htdocs\vdc\app\views\day_books\add.ctp, line 54]
2011-12-09 17:14:16 Debug: Notice (8): Undefined variable: defaults in [C:\xampp\htdocs\vdc\app\views\day_books\add.ctp, line 57]
2011-12-09 17:14:16 Debug: Notice (8): Undefined variable: i in [C:\xampp\htdocs\vdc\app\views\day_books\add.ctp, line 59]
2011-12-09 17:14:39 Debug: Notice (8): Undefined variable: defaults in [C:\xampp\htdocs\vdc\app\views\day_books\add.ctp, line 54]
2011-12-09 17:14:39 Debug: Notice (8): Undefined variable: defaults in [C:\xampp\htdocs\vdc\app\views\day_books\add.ctp, line 57]
2011-12-09 17:14:39 Debug: Notice (8): Undefined variable: i in [C:\xampp\htdocs\vdc\app\views\day_books\add.ctp, line 59]
2011-12-09 17:14:57 Debug: Notice (8): Undefined variable: defaults in [C:\xampp\htdocs\vdc\app\views\day_books\add.ctp, line 54]
2011-12-09 17:14:57 Debug: Notice (8): Undefined variable: defaults in [C:\xampp\htdocs\vdc\app\views\day_books\add.ctp, line 57]
2011-12-09 17:14:57 Debug: Notice (8): Undefined variable: i in [C:\xampp\htdocs\vdc\app\views\day_books\add.ctp, line 59]
2011-12-09 17:16:19 Debug: Notice (8): Undefined variable: i in [C:\xampp\htdocs\vdc\app\views\day_books\add.ctp, line 59]
2011-12-09 19:16:44 Debug: Notice (8): Undefined property: DayBooksController::$Account in [C:\xampp\htdocs\vdc\app\controllers\day_books_controller.php, line 181]
2011-12-09 19:18:53 Debug: Notice (8): Undefined property: DayBooksController::$Account in [C:\xampp\htdocs\vdc\app\controllers\day_books_controller.php, line 181]
2011-12-09 19:31:23 Debug: Notice (8): Undefined offset:  0 in [C:\xampp\htdocs\vdc\app\controllers\day_books_controller.php, line 189]
2011-12-09 19:32:21 Debug: Notice (8): Undefined offset:  0 in [C:\xampp\htdocs\vdc\app\controllers\day_books_controller.php, line 189]
2011-12-09 20:02:21 Debug: Notice (8): Undefined index:  income_source_id in [C:\xampp\htdocs\vdc\app\views\day_books\index.ctp, line 80]
2011-12-09 20:02:21 Debug: Notice (8): Undefined index:  income_source_id in [C:\xampp\htdocs\vdc\app\views\day_books\index.ctp, line 89]
2011-12-09 20:02:21 Debug: Notice (8): Undefined index:  income_source_id in [C:\xampp\htdocs\vdc\app\views\day_books\index.ctp, line 98]
2011-12-09 20:02:21 Debug: Notice (8): Undefined index:  income_source_id in [C:\xampp\htdocs\vdc\app\views\day_books\index.ctp, line 107]
2011-12-09 20:02:21 Debug: Notice (8): Undefined index:  income_source_id in [C:\xampp\htdocs\vdc\app\views\day_books\index.ctp, line 116]
2011-12-09 20:02:21 Debug: Notice (8): Undefined index:  income_source_id in [C:\xampp\htdocs\vdc\app\views\day_books\index.ctp, line 125]
2011-12-09 20:02:21 Debug: Notice (8): Undefined index:  income_source_id in [C:\xampp\htdocs\vdc\app\views\day_books\index.ctp, line 134]
2011-12-09 20:02:22 Debug: Notice (8): Undefined index:  income_source_id in [C:\xampp\htdocs\vdc\app\views\day_books\index.ctp, line 143]
2011-12-09 20:02:22 Debug: Notice (8): Undefined index:  income_source_id in [C:\xampp\htdocs\vdc\app\views\day_books\index.ctp, line 152]
2011-12-09 20:02:22 Debug: Notice (8): Undefined index:  income_source_id in [C:\xampp\htdocs\vdc\app\views\day_books\index.ctp, line 161]
2011-12-09 20:02:22 Debug: Notice (8): Undefined index:  income_source_id in [C:\xampp\htdocs\vdc\app\views\day_books\index.ctp, line 170]
2011-12-09 20:02:22 Debug: Notice (8): Undefined index:  income_source_id in [C:\xampp\htdocs\vdc\app\views\day_books\index.ctp, line 179]
2011-12-10 04:15:56 Debug: Notice (8): Undefined property: DayBook::$Citizen in [C:\xampp\htdocs\vdc\app\controllers\day_books_controller.php, line 50]
2011-12-10 04:16:41 Debug: Notice (8): Undefined index:  income_source_id in [C:\xampp\htdocs\vdc\app\views\day_books\index.ctp, line 80]
2011-12-10 04:16:41 Debug: Notice (8): Undefined index:  income_source_id in [C:\xampp\htdocs\vdc\app\views\day_books\index.ctp, line 89]
2011-12-10 04:16:41 Debug: Notice (8): Undefined index:  income_source_id in [C:\xampp\htdocs\vdc\app\views\day_books\index.ctp, line 98]
2011-12-10 04:16:41 Debug: Notice (8): Undefined index:  income_source_id in [C:\xampp\htdocs\vdc\app\views\day_books\index.ctp, line 107]
2011-12-10 04:16:42 Debug: Notice (8): Undefined index:  income_source_id in [C:\xampp\htdocs\vdc\app\views\day_books\index.ctp, line 116]
2011-12-10 04:16:42 Debug: Notice (8): Undefined index:  income_source_id in [C:\xampp\htdocs\vdc\app\views\day_books\index.ctp, line 125]
2011-12-10 04:16:42 Debug: Notice (8): Undefined index:  income_source_id in [C:\xampp\htdocs\vdc\app\views\day_books\index.ctp, line 134]
2011-12-10 04:16:42 Debug: Notice (8): Undefined index:  income_source_id in [C:\xampp\htdocs\vdc\app\views\day_books\index.ctp, line 143]
2011-12-10 04:16:42 Debug: Notice (8): Undefined index:  income_source_id in [C:\xampp\htdocs\vdc\app\views\day_books\index.ctp, line 152]
2011-12-10 04:16:42 Debug: Notice (8): Undefined index:  income_source_id in [C:\xampp\htdocs\vdc\app\views\day_books\index.ctp, line 161]
2011-12-10 04:16:42 Debug: Notice (8): Undefined index:  income_source_id in [C:\xampp\htdocs\vdc\app\views\day_books\index.ctp, line 170]
2011-12-10 04:16:42 Debug: Notice (8): Undefined index:  income_source_id in [C:\xampp\htdocs\vdc\app\views\day_books\index.ctp, line 179]
2011-12-10 04:41:22 Debug: Notice (8): Undefined variable: dayBooks in [C:\xampp\htdocs\vdc\app\controllers\day_books_controller.php, line 19]
2011-12-10 04:43:04 Debug: Notice (8): Undefined property: DayBooksController::$accountTree in [C:\xampp\htdocs\vdc\app\controllers\day_books_controller.php, line 22]
2011-12-10 04:44:32 Debug: Notice (8): Undefined property: DayBooksController::$accountTree in [C:\xampp\htdocs\vdc\app\controllers\day_books_controller.php, line 22]
2011-12-10 07:09:47 Debug: Notice (8): Undefined index:  controller in [C:\xampp\htdocs\vdc\app\plugins\authake\controllers\components\authake.php, line 140]
2011-12-10 07:09:47 Debug: Notice (8): Undefined index:  action in [C:\xampp\htdocs\vdc\app\plugins\authake\controllers\components\authake.php, line 140]
2011-12-10 07:11:21 Debug: Notice (8): Undefined variable: accounts in [C:\xampp\htdocs\vdc\app\controllers\day_books_controller.php, line 30]
2011-12-10 07:21:02 Debug: Notice (8): Undefined index:  50 in [C:\xampp\htdocs\vdc\app\controllers\day_books_controller.php, line 32]
2011-12-10 07:21:36 Debug: Notice (8): Undefined offset:  50 in [C:\xampp\htdocs\vdc\app\controllers\day_books_controller.php, line 32]
2011-12-10 07:23:30 Debug: Notice (8): Undefined variable: parents2 in [C:\xampp\htdocs\vdc\app\controllers\day_books_controller.php, line 34]
2011-12-10 07:23:30 Debug: Notice (8): Undefined index:   in [C:\xampp\htdocs\vdc\app\controllers\day_books_controller.php, line 34]
2011-12-10 07:47:13 Debug: Notice (8): Undefined index:  net_amount in [C:\xampp\htdocs\vdc\app\controllers\day_books_controller.php, line 43]
2011-12-10 07:47:13 Debug: Notice (8): Undefined index:  net_amount in [C:\xampp\htdocs\vdc\app\views\day_books\index.ctp, line 90]
2011-12-10 07:47:30 Debug: Notice (8): Undefined index:  net_amount in [C:\xampp\htdocs\vdc\app\controllers\day_books_controller.php, line 43]
2011-12-10 07:48:19 Debug: Notice (8): Undefined index:  net_amount in [C:\xampp\htdocs\vdc\app\controllers\day_books_controller.php, line 43]
2011-12-10 07:49:07 Debug: Notice (8): Undefined index:  net_amount in [C:\xampp\htdocs\vdc\app\controllers\day_books_controller.php, line 43]
2011-12-10 08:00:10 Debug: Notice (8): Undefined index:  Citizen in [C:\xampp\htdocs\vdc\app\views\day_books\view.ctp, line 32]
2011-12-10 08:00:10 Debug: Notice (8): Undefined index:  Citizen in [C:\xampp\htdocs\vdc\app\views\day_books\view.ctp, line 33]
2011-12-10 08:00:10 Debug: Notice (8): Undefined index:  IncomeSource in [C:\xampp\htdocs\vdc\app\views\day_books\view.ctp, line 39]
2011-12-10 08:49:42 Debug: Notice (8): Undefined variable: incomeData in [C:\xampp\htdocs\vdc\app\controllers\day_books_controller.php, line 56]
2011-12-10 08:49:42 Debug: Notice (8): Undefined index:  Citizen in [C:\xampp\htdocs\vdc\app\views\day_books\view.ctp, line 33]
2011-12-10 08:49:42 Debug: Notice (8): Undefined index:  Citizen in [C:\xampp\htdocs\vdc\app\views\day_books\view.ctp, line 41]
2011-12-10 08:49:43 Debug: Notice (8): Undefined index:  net_amount in [C:\xampp\htdocs\vdc\app\views\day_books\view.ctp, line 60]
2011-12-10 09:13:40 Debug: Notice (8): Undefined variable: monthNepali in [C:\xampp\htdocs\vdc-Copy\app\views\accounts\bank_cash_book.ctp, line 15]
2011-12-10 09:13:55 Debug: Notice (8): Undefined variable: monthNepali in [C:\xampp\htdocs\vdc-Copy\app\views\accounts\bank_cash_book.ctp, line 15]
2011-12-10 09:27:46 Debug: Notice (8): Undefined variable: monthNepali in [C:\xampp\htdocs\vdc\app\views\accounts\bank_cash_book.ctp, line 15]
2011-12-10 09:27:52 Debug: Notice (8): Undefined variable: monthNepali in [C:\xampp\htdocs\vdc\app\views\accounts\bank_cash_book.ctp, line 15]
2011-12-10 10:04:36 Debug: Notice (8): Undefined variable: carriedForward in [C:\xampp\htdocs\vdc\app\controllers\accounts_controller.php, line 1263]
2011-12-10 10:04:36 Debug: Notice (8): Undefined variable: totalRelease in [C:\xampp\htdocs\vdc\app\controllers\accounts_controller.php, line 1264]
2011-12-10 10:04:37 Debug: Notice (8): Undefined variable: totalRelease in [C:\xampp\htdocs\vdc\app\controllers\accounts_controller.php, line 1265]
2011-12-10 10:04:37 Debug: Notice (8): Undefined index:  release_till_current_month in [C:\xampp\htdocs\vdc\app\views\accounts\monthly_account.ctp, line 78]
2011-12-10 10:04:38 Debug: Notice (8): Undefined variable: carriedForward in [C:\xampp\htdocs\vdc\app\controllers\accounts_controller.php, line 1263]
2011-12-10 10:04:38 Debug: Notice (8): Undefined variable: totalRelease in [C:\xampp\htdocs\vdc\app\controllers\accounts_controller.php, line 1264]
2011-12-10 10:04:38 Debug: Notice (8): Undefined variable: totalRelease in [C:\xampp\htdocs\vdc\app\controllers\accounts_controller.php, line 1265]
2011-12-10 10:04:38 Debug: Notice (8): Undefined index:  release_till_current_month in [C:\xampp\htdocs\vdc\app\views\accounts\monthly_account.ctp, line 78]
2011-12-10 11:41:20 Debug: Notice (8): Undefined index:  bank_account_id in [C:\xampp\htdocs\vdc\app\views\personal_accounts\view.ctp, line 81]
2011-12-10 17:33:19 Debug: Notice (8): Undefined variable: years in [C:\xampp\htdocs\vdc\app\views\personal_accounts\index.ctp, line 22]
2011-12-10 17:33:19 Debug: Notice (8): Undefined variable: selectedYear in [C:\xampp\htdocs\vdc\app\views\personal_accounts\index.ctp, line 22]
2011-12-10 17:33:19 Debug: Notice (8): Undefined variable: months in [C:\xampp\htdocs\vdc\app\views\personal_accounts\index.ctp, line 24]
2011-12-10 17:33:19 Debug: Notice (8): Undefined variable: selectedMonth in [C:\xampp\htdocs\vdc\app\views\personal_accounts\index.ctp, line 24]
2011-12-10 17:33:19 Debug: Notice (8): Undefined variable: days in [C:\xampp\htdocs\vdc\app\views\personal_accounts\index.ctp, line 26]
2011-12-10 17:33:19 Debug: Notice (8): Undefined variable: selectedDay in [C:\xampp\htdocs\vdc\app\views\personal_accounts\index.ctp, line 26]
2011-12-10 17:33:19 Debug: Notice (8): Undefined variable: selectedYear in [C:\xampp\htdocs\vdc\app\views\personal_accounts\index.ctp, line 40]
2011-12-10 17:33:19 Debug: Notice (8): Undefined variable: selectedMonth in [C:\xampp\htdocs\vdc\app\views\personal_accounts\index.ctp, line 40]
2011-12-10 17:33:19 Debug: Notice (8): Undefined variable: selectedDay in [C:\xampp\htdocs\vdc\app\views\personal_accounts\index.ctp, line 40]
2011-12-10 17:35:53 Debug: Notice (8): Undefined variable: selectedYear in [C:\xampp\htdocs\vdc\app\views\personal_accounts\index.ctp, line 19]
2011-12-10 17:35:53 Debug: Notice (8): Undefined variable: selectedMonth in [C:\xampp\htdocs\vdc\app\views\personal_accounts\index.ctp, line 19]
2011-12-10 17:35:53 Debug: Notice (8): Undefined variable: selectedDay in [C:\xampp\htdocs\vdc\app\views\personal_accounts\index.ctp, line 19]
2011-12-10 18:36:38 Debug: Notice (8): Undefined variable: class in [C:\xampp\htdocs\vdc\app\views\personal_accounts\index.ctp, line 79]
2011-12-10 19:38:37 Debug: Notice (8): Undefined variable: rows in [C:\xampp\htdocs\vdc\app\controllers\citizens_controller.php, line 24]
2011-12-10 19:38:37 Debug: Notice (8): Undefined variable: page in [C:\xampp\htdocs\vdc\app\controllers\citizens_controller.php, line 24]
2011-12-10 19:38:37 Debug: Notice (8): Undefined index:  Citizen in [C:\xampp\htdocs\vdc\app\views\citizens\index.ctp, line 80]
2011-12-10 19:38:37 Debug: Notice (8): Undefined index:  Citizen in [C:\xampp\htdocs\vdc\app\views\citizens\index.ctp, line 82]
2011-12-10 19:38:37 Debug: Notice (8): Undefined index:  Citizen in [C:\xampp\htdocs\vdc\app\views\citizens\index.ctp, line 84]
2011-12-10 19:39:57 Debug: Notice (8): Undefined variable: rows in [C:\xampp\htdocs\vdc\app\controllers\citizens_controller.php, line 24]
2011-12-10 19:39:57 Debug: Notice (8): Undefined variable: page in [C:\xampp\htdocs\vdc\app\controllers\citizens_controller.php, line 24]
2011-12-10 19:39:57 Debug: Notice (8): Undefined index:  citizenship_no in [C:\xampp\htdocs\vdc\app\views\citizens\index.ctp, line 80]
2011-12-10 19:39:57 Debug: Notice (8): Undefined index:  first_name in [C:\xampp\htdocs\vdc\app\views\citizens\index.ctp, line 82]
2011-12-10 19:39:57 Debug: Notice (8): Undefined index:  last_name in [C:\xampp\htdocs\vdc\app\views\citizens\index.ctp, line 82]
2011-12-10 19:39:57 Debug: Notice (8): Undefined index:  birth_date in [C:\xampp\htdocs\vdc\app\views\citizens\index.ctp, line 84]
2011-12-10 19:40:24 Debug: Notice (8): Undefined variable: rows in [C:\xampp\htdocs\vdc\app\controllers\citizens_controller.php, line 24]
2011-12-10 19:40:24 Debug: Notice (8): Undefined variable: page in [C:\xampp\htdocs\vdc\app\controllers\citizens_controller.php, line 24]
2011-12-10 19:40:24 Debug: Notice (8): Undefined index:  citizenship_no in [C:\xampp\htdocs\vdc\app\views\citizens\index.ctp, line 80]
2011-12-10 19:40:24 Debug: Notice (8): Undefined index:  first_name in [C:\xampp\htdocs\vdc\app\views\citizens\index.ctp, line 82]
2011-12-10 19:40:24 Debug: Notice (8): Undefined index:  last_name in [C:\xampp\htdocs\vdc\app\views\citizens\index.ctp, line 82]
2011-12-10 19:40:24 Debug: Notice (8): Undefined index:  birth_date in [C:\xampp\htdocs\vdc\app\views\citizens\index.ctp, line 84]
2011-12-10 19:41:48 Debug: Notice (8): Undefined variable: rows in [C:\xampp\htdocs\vdc\app\controllers\citizens_controller.php, line 24]
2011-12-10 19:41:48 Debug: Notice (8): Undefined variable: page in [C:\xampp\htdocs\vdc\app\controllers\citizens_controller.php, line 24]
2011-12-10 19:41:48 Debug: Notice (8): Undefined index:  citizenship_no in [C:\xampp\htdocs\vdc\app\views\citizens\index.ctp, line 80]
2011-12-10 19:41:48 Debug: Notice (8): Undefined index:  first_name in [C:\xampp\htdocs\vdc\app\views\citizens\index.ctp, line 82]
2011-12-10 19:41:48 Debug: Notice (8): Undefined index:  last_name in [C:\xampp\htdocs\vdc\app\views\citizens\index.ctp, line 82]
2011-12-10 19:41:49 Debug: Notice (8): Undefined index:  birth_date in [C:\xampp\htdocs\vdc\app\views\citizens\index.ctp, line 84]
2011-12-10 19:42:30 Debug: Notice (8): Undefined index:  citizenship_no in [C:\xampp\htdocs\vdc\app\views\citizens\index.ctp, line 80]
2011-12-10 19:42:30 Debug: Notice (8): Undefined index:  first_name in [C:\xampp\htdocs\vdc\app\views\citizens\index.ctp, line 82]
2011-12-10 19:42:30 Debug: Notice (8): Undefined index:  last_name in [C:\xampp\htdocs\vdc\app\views\citizens\index.ctp, line 82]
2011-12-10 19:42:30 Debug: Notice (8): Undefined index:  birth_date in [C:\xampp\htdocs\vdc\app\views\citizens\index.ctp, line 84]
2011-12-10 19:43:00 Debug: Notice (8): Undefined index:  birth_date in [C:\xampp\htdocs\vdc\app\views\citizens\index.ctp, line 84]
2011-12-10 19:55:50 Debug: Notice (8): Undefined index:  vms_option in [C:\xampp\htdocs\vdc\app\controllers\citizens_controller.php, line 56]
2011-12-10 19:55:50 Debug: Notice (8): Undefined index:  vms_option in [C:\xampp\htdocs\vdc\app\controllers\citizens_controller.php, line 58]
2011-12-10 19:55:50 Debug: Notice (8): Undefined index:  vms_option in [C:\xampp\htdocs\vdc\app\controllers\citizens_controller.php, line 60]
2011-12-10 19:56:56 Debug: Notice (8): Undefined index:  vms_option in [C:\xampp\htdocs\vdc\app\controllers\citizens_controller.php, line 56]
2011-12-10 19:56:56 Debug: Notice (8): Undefined index:  vms_option in [C:\xampp\htdocs\vdc\app\controllers\citizens_controller.php, line 58]
2011-12-10 19:56:56 Debug: Notice (8): Undefined index:  vms_option in [C:\xampp\htdocs\vdc\app\controllers\citizens_controller.php, line 60]
2011-12-10 19:56:56 Debug: Notice (8): Undefined index:  vms_option in [C:\xampp\htdocs\vdc\app\controllers\citizens_controller.php, line 62]
2011-12-10 19:57:17 Debug: Notice (8): Undefined index:  vms_option in [C:\xampp\htdocs\vdc\app\controllers\citizens_controller.php, line 56]
2011-12-10 19:57:17 Debug: Notice (8): Undefined index:  vms_option in [C:\xampp\htdocs\vdc\app\controllers\citizens_controller.php, line 58]
2011-12-10 19:57:17 Debug: Notice (8): Undefined index:  vms_option in [C:\xampp\htdocs\vdc\app\controllers\citizens_controller.php, line 60]
2011-12-10 19:57:17 Debug: Notice (8): Undefined index:  vms_option in [C:\xampp\htdocs\vdc\app\controllers\citizens_controller.php, line 62]
2011-12-11 04:26:39 Debug: Notice (8): Use of undefined constant VDC_NAME - assumed 'VDC_NAME' in [C:\xampp\htdocs\vdc\app\views\layouts\default.ctp, line 31]
2011-12-11 04:31:28 Debug: Notice (8): Use of undefined constant VDC_NAME - assumed 'VDC_NAME' in [C:\xampp\htdocs\vdc\app\views\layouts\default.ctp, line 31]
2011-12-14 18:41:38 Debug: Notice (8): Undefined variable: citizens in [C:\xampp\htdocs\vdc\app\plugins\authake\views\authake\index.ctp, line 30]
2011-12-17 07:47:49 Debug: Notice (8): Undefined variable: id in [C:\xampp\htdocs\vdc\app\controllers\personal_accounts_controller.php, line 182]
2011-12-17 07:50:48 Debug: Notice (8): Undefined variable: id in [C:\xampp\htdocs\vdc\app\controllers\personal_accounts_controller.php, line 182]
2011-12-17 08:01:07 Debug: Notice (8): Undefined variable: id in [C:\xampp\htdocs\vdc\app\controllers\personal_accounts_controller.php, line 182]
2011-12-17 08:02:55 Debug: Notice (8): Undefined index:  ssn_no in [C:\xampp\htdocs\vdc\app\controllers\personal_accounts_controller.php, line 198]
2011-12-17 08:03:43 Debug: Notice (8): Undefined index:  ssn_no in [C:\xampp\htdocs\vdc\app\controllers\personal_accounts_controller.php, line 198]
2011-12-17 08:05:12 Debug: Notice (8): Undefined index:  ssn_no in [C:\xampp\htdocs\vdc\app\controllers\personal_accounts_controller.php, line 198]
2011-12-24 06:51:48 Debug: Notice (8): Undefined variable: advanceAccounts in [C:\xampp\htdocs\vdc\app\controllers\accounts_controller.php, line 316]
2011-12-24 06:52:01 Debug: Notice (8): Undefined variable: advanceAccounts in [C:\xampp\htdocs\vdc\app\controllers\accounts_controller.php, line 316]
2011-12-24 08:01:58 Notice: Notice (8): Use of undefined constant personName - assumed 'personName' in [/Applications/XAMPP/xamppfiles/htdocs/vdc_new/app/controllers/app_controller.php, line 85]
